Determining if the pthread_create exist failed with the following output:
Change Dir: /home/saunak/catkin_wsompl/build/CMakeFiles/CMakeTmp

Run Build Command:"/usr/bin/make" "cmTC_eb692/fast"
/usr/bin/make -f CMakeFiles/cmTC_eb692.dir/build.make CMakeFiles/cmTC_eb692.dir/build
make[1]: Entering directory '/home/saunak/catkin_wsompl/build/CMakeFiles/CMakeTmp'
Building C object CMakeFiles/cmTC_eb692.dir/CheckSymbolExists.c.o
/usr/bin/cc     -o CMakeFiles/cmTC_eb692.dir/CheckSymbolExists.c.o   -c /home/saunak/catkin_wsompl/build/CMakeFiles/CMakeTmp/CheckSymbolExists.c
Linking C executable cmTC_eb692
/usr/bin/cmake -E cmake_link_script CMakeFiles/cmTC_eb692.dir/link.txt --verbose=1
/usr/bin/cc       CMakeFiles/cmTC_eb692.dir/CheckSymbolExists.c.o  -o cmTC_eb692 -rdynamic 
CMakeFiles/cmTC_eb692.dir/CheckSymbolExists.c.o：在函数‘main’中：
CheckSymbolExists.c:(.text+0x16)：对‘pthread_create’未定义的引用
collect2: error: ld returned 1 exit status
CMakeFiles/cmTC_eb692.dir/build.make:97: recipe for target 'cmTC_eb692' failed
make[1]: *** [cmTC_eb692] Error 1
make[1]: Leaving directory '/home/saunak/catkin_wsompl/build/CMakeFiles/CMakeTmp'
Makefile:126: recipe for target 'cmTC_eb692/fast' failed
make: *** [cmTC_eb692/fast] Error 2

File /home/saunak/catkin_wsompl/build/CMakeFiles/CMakeTmp/CheckSymbolExists.c:
/* */
#include <pthread.h>

int main(int argc, char** argv)
{
  (void)argv;
#ifndef pthread_create
  return ((int*)(&pthread_create))[argc];
#else
  (void)argc;
  return 0;
#endif
}

Determining if the function pthread_create exists in the pthreads failed with the following output:
Change Dir: /home/saunak/catkin_wsompl/build/CMakeFiles/CMakeTmp

Run Build Command:"/usr/bin/make" "cmTC_e7b89/fast"
/usr/bin/make -f CMakeFiles/cmTC_e7b89.dir/build.make CMakeFiles/cmTC_e7b89.dir/build
make[1]: Entering directory '/home/saunak/catkin_wsompl/build/CMakeFiles/CMakeTmp'
Building C object CMakeFiles/cmTC_e7b89.dir/CheckFunctionExists.c.o
/usr/bin/cc    -DCHECK_FUNCTION_EXISTS=pthread_create   -o CMakeFiles/cmTC_e7b89.dir/CheckFunctionExists.c.o   -c /usr/share/cmake-3.5/Modules/CheckFunctionExists.c
Linking C executable cmTC_e7b89
/usr/bin/cmake -E cmake_link_script CMakeFiles/cmTC_e7b89.dir/link.txt --verbose=1
/usr/bin/cc   -DCHECK_FUNCTION_EXISTS=pthread_create    CMakeFiles/cmTC_e7b89.dir/CheckFunctionExists.c.o  -o cmTC_e7b89 -rdynamic -lpthreads 
/usr/bin/ld: 找不到 -lpthreads
collect2: error: ld returned 1 exit status
CMakeFiles/cmTC_e7b89.dir/build.make:97: recipe for target 'cmTC_e7b89' failed
make[1]: *** [cmTC_e7b89] Error 1
make[1]: Leaving directory '/home/saunak/catkin_wsompl/build/CMakeFiles/CMakeTmp'
Makefile:126: recipe for target 'cmTC_e7b89/fast' failed
make: *** [cmTC_e7b89/fast] Error 2


